Started GET "/" for 127.0.0.1 at 2024-10-25 19:38:38 +0200
  [1m[35m (1.2ms)[0m  [1m[35mCREATE TABLE "schema_migrations" ("version" varchar NOT NULL PRIMARY KEY)[0m
  [1m[35m (0.3ms)[0m  [1m[35mCREATE TABLE "ar_internal_metadata" ("key" varchar NOT NULL PRIMARY KEY, "value" varchar, "created_at" datetime(6) NOT NULL, "updated_at" datetime(6) NOT NULL)[0m
  [1m[36mActiveRecord::SchemaMigration Load (0.1ms)[0m  [1m[34mSELECT "schema_migrations"."version" FROM "schema_migrations" ORDER BY "schema_migrations"."version" ASC[0m
Processing by Rails::WelcomeController#index as HTML
  Rendering /Users/lingohub/.asdf/installs/ruby/3.3.5/lib/ruby/gems/3.3.0/gems/railties-7.2.1.2/lib/rails/templates/rails/welcome/index.html.erb
  Rendered /Users/lingohub/.asdf/installs/ruby/3.3.5/lib/ruby/gems/3.3.0/gems/railties-7.2.1.2/lib/rails/templates/rails/welcome/index.html.erb (Duration: 0.7ms | GC: 0.0ms)
Completed 200 OK in 69ms (Views: 11.2ms | ActiveRecord: 0.0ms (0 queries, 0 cached) | GC: 18.7ms)


Started GET "/" for 127.0.0.1 at 2024-10-25 19:39:56 +0200
Processing by PagesController#home as HTML
  Rendering layout layouts/application.html.erb
  Rendering pages/home.html.erb within layouts/application
  Rendered pages/home.html.erb within layouts/application (Duration: 0.5ms | GC: 0.0ms)
  Rendered layout layouts/application.html.erb (Duration: 776.1ms | GC: 120.9ms)
Completed 200 OK in 808ms (Views: 778.7ms | ActiveRecord: 0.0ms (0 queries, 0 cached) | GC: 120.9ms)


Started GET "/manifest.json" for 127.0.0.1 at 2024-10-25 19:39:57 +0200
Processing by Rails::PwaController#manifest as JSON
  Rendering pwa/manifest.json.erb
  Rendered pwa/manifest.json.erb (Duration: 0.5ms | GC: 0.0ms)
Completed 200 OK in 3ms (Views: 2.1ms | ActiveRecord: 0.0ms (0 queries, 0 cached) | GC: 0.0ms)


Started GET "/" for 127.0.0.1 at 2024-10-25 19:43:29 +0200
Processing by PagesController#home as HTML
  Rendering layout layouts/application.html.erb
  Rendering pages/home.html.erb within layouts/application
  Rendered pages/home.html.erb within layouts/application (Duration: 0.5ms | GC: 0.0ms)
  Rendered layout layouts/application.html.erb (Duration: 27.0ms | GC: 4.0ms)
Completed 200 OK in 29ms (Views: 28.3ms | ActiveRecord: 0.0ms (0 queries, 0 cached) | GC: 4.0ms)


Started GET "/manifest.json" for 127.0.0.1 at 2024-10-25 19:43:30 +0200
Processing by Rails::PwaController#manifest as JSON
  Rendering pwa/manifest.json.erb
  Rendered pwa/manifest.json.erb (Duration: 0.5ms | GC: 0.0ms)
Completed 200 OK in 2ms (Views: 1.8ms | ActiveRecord: 0.0ms (0 queries, 0 cached) | GC: 0.0ms)


Started GET "/" for 127.0.0.1 at 2024-10-25 19:45:07 +0200
Processing by PagesController#home as HTML
  Rendering layout layouts/application.html.erb
  Rendering pages/home.html.erb within layouts/application
  Rendered pages/home.html.erb within layouts/application (Duration: 0.5ms | GC: 0.0ms)
  Rendered layout layouts/application.html.erb (Duration: 13.8ms | GC: 1.1ms)
Completed 200 OK in 16ms (Views: 15.3ms | ActiveRecord: 0.0ms (0 queries, 0 cached) | GC: 1.1ms)


Started GET "/manifest.json" for 127.0.0.1 at 2024-10-25 19:45:07 +0200
Processing by Rails::PwaController#manifest as JSON
  Rendering pwa/manifest.json.erb
  Rendered pwa/manifest.json.erb (Duration: 0.3ms | GC: 0.0ms)
Completed 200 OK in 2ms (Views: 1.5ms | ActiveRecord: 0.0ms (0 queries, 0 cached) | GC: 0.0ms)


Started GET "/" for 127.0.0.1 at 2024-10-25 19:58:20 +0200
Processing by PagesController#home as HTML
  Rendering layout layouts/application.html.erb
  Rendering pages/home.html.erb within layouts/application
  Rendered pages/home.html.erb within layouts/application (Duration: 0.6ms | GC: 0.0ms)
  Rendered layout layouts/application.html.erb (Duration: 12.6ms | GC: 1.0ms)
Completed 200 OK in 17ms (Views: 13.9ms | ActiveRecord: 0.0ms (0 queries, 0 cached) | GC: 1.0ms)


Started GET "/manifest.json" for 127.0.0.1 at 2024-10-25 19:58:21 +0200
Processing by Rails::PwaController#manifest as JSON
  Rendering pwa/manifest.json.erb
  Rendered pwa/manifest.json.erb (Duration: 0.4ms | GC: 0.0ms)
Completed 200 OK in 2ms (Views: 1.5ms | ActiveRecord: 0.0ms (0 queries, 0 cached) | GC: 0.0ms)


Started GET "/" for 127.0.0.1 at 2024-10-25 19:58:21 +0200
Processing by PagesController#home as HTML
  Rendering layout layouts/application.html.erb
  Rendering pages/home.html.erb within layouts/application
  Rendered pages/home.html.erb within layouts/application (Duration: 0.1ms | GC: 0.0ms)
  Rendered layout layouts/application.html.erb (Duration: 2.0ms | GC: 0.0ms)
Completed 200 OK in 3ms (Views: 2.3ms | ActiveRecord: 0.0ms (0 queries, 0 cached) | GC: 0.0ms)


Started GET "/manifest.json" for 127.0.0.1 at 2024-10-25 19:58:22 +0200
Processing by Rails::PwaController#manifest as JSON
  Rendering pwa/manifest.json.erb
  Rendered pwa/manifest.json.erb (Duration: 0.2ms | GC: 0.0ms)
Completed 200 OK in 1ms (Views: 0.6ms | ActiveRecord: 0.0ms (0 queries, 0 cached) | GC: 0.0ms)


Started GET "/" for 127.0.0.1 at 2024-10-25 19:58:40 +0200
Processing by PagesController#home as HTML
  Rendering layout layouts/application.html.erb
  Rendering pages/home.html.erb within layouts/application
  Rendered pages/home.html.erb within layouts/application (Duration: 0.3ms | GC: 0.0ms)
  Rendered layout layouts/application.html.erb (Duration: 12.1ms | GC: 0.6ms)
Completed 200 OK in 15ms (Views: 13.5ms | ActiveRecord: 0.0ms (0 queries, 0 cached) | GC: 0.6ms)


Started GET "/manifest.json" for 127.0.0.1 at 2024-10-25 19:58:40 +0200
Processing by Rails::PwaController#manifest as JSON
  Rendering pwa/manifest.json.erb
  Rendered pwa/manifest.json.erb (Duration: 0.3ms | GC: 0.0ms)
Completed 200 OK in 2ms (Views: 1.2ms | ActiveRecord: 0.0ms (0 queries, 0 cached) | GC: 0.0ms)


Started GET "/" for 127.0.0.1 at 2024-10-25 19:59:25 +0200
Processing by PagesController#home as HTML
  Rendering layout layouts/application.html.erb
  Rendering pages/home.html.erb within layouts/application
  Rendered pages/home.html.erb within layouts/application (Duration: 0.4ms | GC: 0.0ms)
  Rendered layout layouts/application.html.erb (Duration: 12.8ms | GC: 0.8ms)
Completed 200 OK in 16ms (Views: 14.5ms | ActiveRecord: 0.0ms (0 queries, 0 cached) | GC: 0.8ms)


Started GET "/manifest.json" for 127.0.0.1 at 2024-10-25 19:59:25 +0200
Processing by Rails::PwaController#manifest as JSON
  Rendering pwa/manifest.json.erb
  Rendered pwa/manifest.json.erb (Duration: 0.3ms | GC: 0.0ms)
Completed 200 OK in 2ms (Views: 1.3ms | ActiveRecord: 0.0ms (0 queries, 0 cached) | GC: 0.0ms)


Started GET "/" for 127.0.0.1 at 2024-10-25 20:04:05 +0200
Processing by PagesController#home as HTML
  Rendering layout layouts/application.html.erb
  Rendering pages/home.html.erb within layouts/application
  Rendered pages/home.html.erb within layouts/application (Duration: 0.1ms | GC: 0.0ms)
  Rendered layout layouts/application.html.erb (Duration: 1.9ms | GC: 0.0ms)
Completed 200 OK in 3ms (Views: 2.2ms | ActiveRecord: 0.0ms (0 queries, 0 cached) | GC: 0.0ms)


Started GET "/manifest.json" for 127.0.0.1 at 2024-10-25 20:04:05 +0200
Processing by Rails::PwaController#manifest as JSON
  Rendering pwa/manifest.json.erb
  Rendered pwa/manifest.json.erb (Duration: 0.2ms | GC: 0.0ms)
Completed 200 OK in 1ms (Views: 0.5ms | ActiveRecord: 0.0ms (0 queries, 0 cached) | GC: 0.0ms)


Started GET "/" for 127.0.0.1 at 2024-10-25 20:31:48 +0200
  [1m[36mActiveRecord::SchemaMigration Load (0.2ms)[0m  [1m[34mSELECT "schema_migrations"."version" FROM "schema_migrations" ORDER BY "schema_migrations"."version" ASC[0m
  
SyntaxError (/Users/lingohub/RailsGuide/app/controllers/application_controller.rb:18: syntax error, unexpected `nil', expecting ':'
      nil
      ^~~
):
  
app/controllers/application_controller.rb:18: syntax error, unexpected `nil', expecting ':'
app/controllers/pages_controller.rb:1:in `<main>'
Started GET "/favicon.ico" for 127.0.0.1 at 2024-10-25 20:31:48 +0200
  
ActionController::RoutingError (No route matches [GET] "/favicon.ico"):
  
Started GET "/" for 127.0.0.1 at 2024-10-25 20:32:01 +0200
  
SyntaxError (/Users/lingohub/RailsGuide/app/controllers/application_controller.rb:18: syntax error, unexpected `nil', expecting ':'
      nil
      ^~~
):
  
app/controllers/application_controller.rb:18: syntax error, unexpected `nil', expecting ':'
app/controllers/pages_controller.rb:1:in `<main>'
Started GET "/" for 127.0.0.1 at 2024-10-25 20:32:30 +0200
  [1m[36mActiveRecord::SchemaMigration Load (0.1ms)[0m  [1m[34mSELECT "schema_migrations"."version" FROM "schema_migrations" ORDER BY "schema_migrations"."version" ASC[0m
  
SyntaxError (/Users/lingohub/RailsGuide/app/controllers/application_controller.rb:19: syntax error, unexpected `end'
  end
  ^~~
):
  
app/controllers/application_controller.rb:19: syntax error, unexpected `end'
app/controllers/pages_controller.rb:1:in `<main>'
Started GET "/" for 127.0.0.1 at 2024-10-25 20:32:31 +0200
Started GET "/" for 127.0.0.1 at 2024-10-25 20:32:57 +0200
  [1m[36mActiveRecord::SchemaMigration Load (0.1ms)[0m  [1m[34mSELECT "schema_migrations"."version" FROM "schema_migrations" ORDER BY "schema_migrations"."version" ASC[0m
  
SyntaxError (/Users/lingohub/RailsGuide/app/controllers/application_controller.rb:19: syntax error, unexpected `end', expecting ':'
  end
  ^~~
):
  
app/controllers/application_controller.rb:19: syntax error, unexpected `end', expecting ':'
app/controllers/pages_controller.rb:1:in `<main>'
Started GET "/" for 127.0.0.1 at 2024-10-25 20:33:35 +0200
  [1m[36mActiveRecord::SchemaMigration Load (0.2ms)[0m  [1m[34mSELECT "schema_migrations"."version" FROM "schema_migrations" ORDER BY "schema_migrations"."version" ASC[0m
  
SyntaxError (/Users/lingohub/RailsGuide/app/controllers/application_controller.rb:18: syntax error, unexpected `nil', expecting ':'
    nil
    ^~~
):
  
app/controllers/application_controller.rb:18: syntax error, unexpected `nil', expecting ':'
app/controllers/pages_controller.rb:1:in `<main>'
Started GET "/favicon.ico" for 127.0.0.1 at 2024-10-25 20:33:36 +0200
  
ActionController::RoutingError (No route matches [GET] "/favicon.ico"):
  
Started GET "/" for 127.0.0.1 at 2024-10-25 20:58:02 +0200
  [1m[36mActiveRecord::SchemaMigration Load (0.1ms)[0m  [1m[34mSELECT "schema_migrations"."version" FROM "schema_migrations" ORDER BY "schema_migrations"."version" ASC[0m
  
SyntaxError (/Users/lingohub/RailsGuide/app/controllers/application_controller.rb:18: syntax error, unexpected `nil', expecting ':'
    nil
    ^~~
):
  
app/controllers/application_controller.rb:18: syntax error, unexpected `nil', expecting ':'
app/controllers/pages_controller.rb:1:in `<main>'
Started GET "/" for 127.0.0.1 at 2024-10-25 20:58:03 +0200
  
SyntaxError (/Users/lingohub/RailsGuide/app/controllers/application_controller.rb:18: syntax error, unexpected `nil', expecting ':'
    nil
    ^~~
):
  
app/controllers/application_controller.rb:18: syntax error, unexpected `nil', expecting ':'
app/controllers/pages_controller.rb:1:in `<main>'
Started GET "/" for 127.0.0.1 at 2024-10-25 21:00:58 +0200
  [1m[36mActiveRecord::SchemaMigration Load (0.1ms)[0m  [1m[34mSELECT "schema_migrations"."version" FROM "schema_migrations" ORDER BY "schema_migrations"."version" ASC[0m
Processing by PagesController#home as HTML
  Rendering layout layouts/application.html.erb
  Rendering pages/home.html.erb within layouts/application
  Rendered pages/home.html.erb within layouts/application (Duration: 14.1ms | GC: 0.0ms)
  Rendered layout layouts/application.html.erb (Duration: 107.0ms | GC: 28.0ms)
Completed 200 OK in 122ms (Views: 111.6ms | ActiveRecord: 0.0ms (0 queries, 0 cached) | GC: 29.3ms)


Started GET "/manifest.json" for 127.0.0.1 at 2024-10-25 21:00:58 +0200
Processing by Rails::PwaController#manifest as JSON
  Rendering pwa/manifest.json.erb
  Rendered pwa/manifest.json.erb (Duration: 0.6ms | GC: 0.0ms)
Completed 200 OK in 6ms (Views: 4.9ms | ActiveRecord: 0.0ms (0 queries, 0 cached) | GC: 2.6ms)


Started GET "/" for 127.0.0.1 at 2024-10-25 21:01:23 +0200
  [1m[36mActiveRecord::SchemaMigration Load (0.1ms)[0m  [1m[34mSELECT "schema_migrations"."version" FROM "schema_migrations" ORDER BY "schema_migrations"."version" ASC[0m
Processing by PagesController#home as HTML
  Rendering layout layouts/application.html.erb
  Rendering pages/home.html.erb within layouts/application
  Rendered pages/home.html.erb within layouts/application (Duration: 3.3ms | GC: 0.0ms)
  Rendered layout layouts/application.html.erb (Duration: 75.6ms | GC: 20.7ms)
Completed 200 OK in 88ms (Views: 78.8ms | ActiveRecord: 0.0ms (0 queries, 0 cached) | GC: 20.7ms)


Started GET "/manifest.json" for 127.0.0.1 at 2024-10-25 21:01:23 +0200
Processing by Rails::PwaController#manifest as JSON
  Rendering pwa/manifest.json.erb
  Rendered pwa/manifest.json.erb (Duration: 0.6ms | GC: 0.0ms)
Completed 200 OK in 5ms (Views: 4.3ms | ActiveRecord: 0.0ms (0 queries, 0 cached) | GC: 2.3ms)


Started GET "/" for 127.0.0.1 at 2024-10-25 21:04:38 +0200
  [1m[36mActiveRecord::SchemaMigration Load (0.1ms)[0m  [1m[34mSELECT "schema_migrations"."version" FROM "schema_migrations" ORDER BY "schema_migrations"."version" ASC[0m
Processing by PagesController#home as HTML
  Rendering layout layouts/application.html.erb
  Rendering pages/home.html.erb within layouts/application
  Rendered pages/home.html.erb within layouts/application (Duration: 3.0ms | GC: 0.0ms)
  Rendered layout layouts/application.html.erb (Duration: 126.7ms | GC: 57.8ms)
Completed 200 OK in 139ms (Views: 129.7ms | ActiveRecord: 0.0ms (0 queries, 0 cached) | GC: 57.8ms)


Started GET "/manifest.json" for 127.0.0.1 at 2024-10-25 21:04:38 +0200
Processing by Rails::PwaController#manifest as JSON
  Rendering pwa/manifest.json.erb
  Rendered pwa/manifest.json.erb (Duration: 0.3ms | GC: 0.0ms)
Completed 200 OK in 2ms (Views: 1.2ms | ActiveRecord: 0.0ms (0 queries, 0 cached) | GC: 0.0ms)


Started GET "/de" for 127.0.0.1 at 2024-10-25 21:04:43 +0200
  
ActionController::RoutingError (No route matches [GET] "/de"):
  
Started GET "/" for 127.0.0.1 at 2024-10-25 21:04:58 +0200
Processing by PagesController#home as HTML
  Rendering layout layouts/application.html.erb
  Rendering pages/home.html.erb within layouts/application
  Rendered pages/home.html.erb within layouts/application (Duration: 0.1ms | GC: 0.0ms)
  Rendered layout layouts/application.html.erb (Duration: 1.9ms | GC: 0.0ms)
Completed 200 OK in 3ms (Views: 2.2ms | ActiveRecord: 0.0ms (0 queries, 0 cached) | GC: 0.0ms)


Started GET "/manifest.json" for 127.0.0.1 at 2024-10-25 21:04:58 +0200
Processing by Rails::PwaController#manifest as JSON
  Rendering pwa/manifest.json.erb
  Rendered pwa/manifest.json.erb (Duration: 0.2ms | GC: 0.0ms)
Completed 200 OK in 1ms (Views: 0.5ms | ActiveRecord: 0.0ms (0 queries, 0 cached) | GC: 0.0ms)


Started GET "/" for 127.0.0.1 at 2024-10-25 21:10:45 +0200
  [1m[36mActiveRecord::SchemaMigration Load (0.1ms)[0m  [1m[34mSELECT "schema_migrations"."version" FROM "schema_migrations" ORDER BY "schema_migrations"."version" ASC[0m
Processing by PagesController#home as HTML
  Rendering layout layouts/application.html.erb
  Rendering pages/home.html.erb within layouts/application
  Rendered pages/home.html.erb within layouts/application (Duration: 4.5ms | GC: 0.0ms)
  Rendered layout layouts/application.html.erb (Duration: 104.6ms | GC: 42.7ms)
Completed 200 OK in 118ms (Views: 107.6ms | ActiveRecord: 0.0ms (0 queries, 0 cached) | GC: 42.7ms)


Started GET "/manifest.json" for 127.0.0.1 at 2024-10-25 21:10:46 +0200
Processing by Rails::PwaController#manifest as JSON
  Rendering pwa/manifest.json.erb
  Rendered pwa/manifest.json.erb (Duration: 0.4ms | GC: 0.0ms)
Completed 200 OK in 2ms (Views: 1.5ms | ActiveRecord: 0.0ms (0 queries, 0 cached) | GC: 0.0ms)


